<?xml version="1.0" encoding="UTF-8"?>
<coverage generated="1639436031305" clover="3.2.0">
  <project timestamp="1639436031305" name="All files">
    <metrics statements="3" coveredstatements="2" conditionals="2" coveredconditionals="1" methods="2" coveredmethods="1" elements="7" coveredelements="4" complexity="0" loc="3" ncloc="3" packages="1" files="1" classes="1"/>
    <file name="TodoListItem.tsx" path="/Users/luispiedrahita/Code/mentoring/src/components/TodoList/TodoListItem/TodoListItem.tsx">
      <metrics statements="3" coveredstatements="2" conditionals="2" coveredconditionals="1" methods="2" coveredmethods="1"/>
      <line num="10" count="1" type="stmt"/>
      <line num="11" count="1" type="stmt"/>
      <line num="14" count="0" type="stmt"/>
    </file>
  </project>
</coverage>
