{"/Users/luispiedrahita/Code/mentoring/src/components/TodoList/TodoListItem/TodoListItem.tsx": {"path":"/Users/luispiedrahita/Code/mentoring/src/components/TodoList/TodoListItem/TodoListItem.tsx","statementMap":{"0":{"start":{"line":10,"column":57},"end":{"line":19,"column":1}},"1":{"start":{"line":11,"column":2},"end":{"line":18,"column":4}},"2":{"start":{"line":14,"column":47},"end":{"line":14,"column":67}}},"fnMap":{"0":{"name":"(anonymous_0)","decl":{"start":{"line":10,"column":57},"end":{"line":10,"column":58}},"loc":{"start":{"line":10,"column":87},"end":{"line":19,"column":1}},"line":10},"1":{"name":"(anonymous_1)","decl":{"start":{"line":14,"column":41},"end":{"line":14,"column":42}},"loc":{"start":{"line":14,"column":47},"end":{"line":14,"column":67}},"line":14}},"branchMap":{"0":{"loc":{"start":{"line":13,"column":24},"end":{"line":13,"column":62}},"type":"cond-expr","locations":[{"start":{"line":13,"column":40},"end":{"line":13,"column":50}},{"start":{"line":13,"column":53},"end":{"line":13,"column":62}}],"line":13}},"s":{"0":1,"1":1,"2":0},"f":{"0":1,"1":0},"b":{"0":[1,0]},"_coverageSchema":"1a1c01bbd47fc00a2c39e90264f33305004495a9","hash":"6832cc93393780a62ff1c9e6bffdf4e2f9db8394"}
}
